2017-03-31 15:25:54 Progress: Reading UFO: AndikaMtihani-Regular.ufo
2017-03-31 15:25:54 Progress: Processing font for output
2017-03-31 15:25:54 Progress: Output UFO already exists - reading for comparison
2017-03-31 15:25:54 Progress: Writing font to AndikaMtihani-Regular.v3.ufo
2017-03-31 15:25:54 Warning:  Deleting AcuteAccent__.glif from existing output UFO
2017-03-31 15:25:54 Warning:  Deleting AlmostEqTo___.glif from existing output UFO
2017-03-31 15:25:54 Warning:  Deleting Ampersand_.glif from existing output UFO
2017-03-31 15:25:54 Warning:  Deleting Apos_.glif from existing output UFO
2017-03-31 15:25:54 Warning:  Deleting Asterisk_.glif from existing output UFO
2017-03-31 15:25:54 Warning:  Deleting AtSgn__.glif from existing output UFO
2017-03-31 15:25:54 Warning:  Deleting Breve_.glif from existing output UFO
2017-03-31 15:25:54 Warning:  Deleting BrokenBar__.glif from existing output UFO
2017-03-31 15:25:54 Warning:  Deleting BulletOperator__.glif from existing output UFO
2017-03-31 15:25:54 Warning:  Deleting Bullet_.glif from existing output UFO
2017-03-31 15:25:54 Warning:  Deleting Caron_.glif from existing output UFO
2017-03-31 15:25:54 Warning:  Deleting Cedilla_.glif from existing output UFO
2017-03-31 15:25:54 Warning:  Deleting CentSgn__.glif from existing output UFO
2017-03-31 15:25:54 Warning:  Deleting CircumAccent__.glif from existing output UFO
2017-03-31 15:25:54 Warning:  Deleting Colon_.glif from existing output UFO
2017-03-31 15:25:54 Warning:  Deleting CombAcute__.glif from existing output UFO
2017-03-31 15:25:54 Warning:  Deleting CombCaron__.glif from existing output UFO
2017-03-31 15:25:54 Warning:  Deleting CombCedilla__.glif from existing output UFO
2017-03-31 15:25:54 Warning:  Deleting CombCircum__.glif from existing output UFO
2017-03-31 15:25:54 Warning:  Deleting CombDiaer__.glif from existing output UFO
2017-03-31 15:25:54 Warning:  Deleting CombGrave__.glif from existing output UFO
2017-03-31 15:25:54 Warning:  Deleting CombRingAbv___.glif from existing output UFO
2017-03-31 15:25:54 Warning:  Deleting CombTilde__.glif from existing output UFO
2017-03-31 15:25:54 Warning:  Deleting Comma_.glif from existing output UFO
2017-03-31 15:25:54 Warning:  Deleting CopyrightSgn__.glif from existing output UFO
2017-03-31 15:25:54 Warning:  Deleting CurrSgn__.glif from existing output UFO
2017-03-31 15:25:54 Warning:  Deleting Dagger_.glif from existing output UFO
2017-03-31 15:25:54 Warning:  Deleting DblAcuteAccent___.glif from existing output UFO
2017-03-31 15:25:54 Warning:  Deleting DblDagger__.glif from existing output UFO
2017-03-31 15:25:54 Warning:  Deleting DblLow9QuotMrk____.glif from existing output UFO
2017-03-31 15:25:54 Warning:  Deleting DegreeSgn__.glif from existing output UFO
2017-03-31 15:25:54 Warning:  Deleting Diaer_.glif from existing output UFO
2017-03-31 15:25:54 Warning:  Deleting DigitEight__.glif from existing output UFO
2017-03-31 15:25:54 Warning:  Deleting DigitFive__.glif from existing output UFO
2017-03-31 15:25:54 Warning:  Deleting DigitFour__.glif from existing output UFO
2017-03-31 15:25:54 Warning:  Deleting DigitNine__.glif from existing output UFO
2017-03-31 15:25:54 Warning:  Deleting DigitOne__.glif from existing output UFO
2017-03-31 15:25:54 Warning:  Deleting DigitSeven__.glif from existing output UFO
2017-03-31 15:25:54 Warning:  Deleting DigitSix__.glif from existing output UFO
2017-03-31 15:25:54 Warning:  Deleting DigitThree__.glif from existing output UFO
2017-03-31 15:25:54 Warning:  Deleting DigitTwo__.glif from existing output UFO
2017-03-31 15:25:54 Warning:  Deleting DigitZero__.glif from existing output UFO
2017-03-31 15:25:54 Warning:  Deleting DivSgn__.glif from existing output UFO
2017-03-31 15:25:54 Warning:  Deleting DollarSgn__.glif from existing output UFO
2017-03-31 15:25:54 Warning:  Deleting DotAbv__.glif from existing output UFO
2017-03-31 15:25:54 Warning:  Deleting DottedCirc__.glif from existing output UFO
2017-03-31 15:25:54 Warning:  Deleting EmDash__.glif from existing output UFO
2017-03-31 15:25:54 Warning:  Deleting EnDash__.glif from existing output UFO
2017-03-31 15:25:54 Warning:  Deleting EqSgn__.glif from existing output UFO
2017-03-31 15:25:54 Warning:  Deleting EuroSgn__.glif from existing output UFO
2017-03-31 15:25:54 Warning:  Deleting ExclamationMrk__.glif from existing output UFO
2017-03-31 15:25:54 Warning:  Deleting FemOrdIndicator___.glif from existing output UFO
2017-03-31 15:25:54 Warning:  Deleting FracSlash__.glif from existing output UFO
2017-03-31 15:25:54 Warning:  Deleting FullStop__.glif from existing output UFO
2017-03-31 15:25:54 Warning:  Deleting GTOrEqTo_____.glif from existing output UFO
2017-03-31 15:25:54 Warning:  Deleting GTSgn___.glif from existing output UFO
2017-03-31 15:25:54 Warning:  Deleting GrCapOmega___.glif from existing output UFO
2017-03-31 15:25:54 Warning:  Deleting GrCapPi___.glif from existing output UFO
2017-03-31 15:25:54 Warning:  Deleting GrSmPi___.glif from existing output UFO
2017-03-31 15:25:54 Warning:  Deleting GraveAccent__.glif from existing output UFO
2017-03-31 15:25:54 Warning:  Deleting HorizBar__.glif from existing output UFO
2017-03-31 15:25:54 Warning:  Deleting HorizEllipsis__.glif from existing output UFO
2017-03-31 15:25:54 Warning:  Deleting HyphenMinus__.glif from existing output UFO
2017-03-31 15:25:54 Warning:  Deleting Hyphen_.glif from existing output UFO
2017-03-31 15:25:54 Warning:  Deleting Hyphen__Soft_.glif from existing output UFO
2017-03-31 15:25:54 Warning:  Deleting Increment_.glif from existing output UFO
2017-03-31 15:25:54 Warning:  Deleting Infinity_.glif from existing output UFO
2017-03-31 15:25:54 Warning:  Deleting Integral_.glif from existing output UFO
2017-03-31 15:25:54 Warning:  Deleting InvExclamationMrk___.glif from existing output UFO
2017-03-31 15:25:54 Warning:  Deleting InvQstnMrk___.glif from existing output UFO
2017-03-31 15:25:54 Warning:  Deleting LTOrEqTo_____.glif from existing output UFO
2017-03-31 15:25:54 Warning:  Deleting LTSgn___.glif from existing output UFO
2017-03-31 15:25:54 Warning:  Deleting LftCurlyBrac___.glif from existing output UFO
2017-03-31 15:25:54 Warning:  Deleting LftDblQuotMrk____.glif from existing output UFO
2017-03-31 15:25:54 Warning:  Deleting LftParen__.glif from existing output UFO
2017-03-31 15:25:54 Warning:  Deleting LftPtngDblAngQuotMrk______.glif from existing output UFO
2017-03-31 15:25:54 Warning:  Deleting LftSglQuotMrk____.glif from existing output UFO
2017-03-31 15:25:54 Warning:  Deleting LftSqrBrac___.glif from existing output UFO
2017-03-31 15:25:54 Warning:  Deleting LowLine__.glif from existing output UFO
2017-03-31 15:25:54 Warning:  Deleting Lozenge_.glif from existing output UFO
2017-03-31 15:25:54 Warning:  Deleting LtnCapAAcute____.glif from existing output UFO
2017-03-31 15:25:54 Warning:  Deleting LtnCapACircum____.glif from existing output UFO
2017-03-31 15:25:54 Warning:  Deleting LtnCapADiaer____.glif from existing output UFO
2017-03-31 15:25:54 Warning:  Deleting LtnCapAGrave____.glif from existing output UFO
2017-03-31 15:25:54 Warning:  Deleting LtnCapARingAbv_____.glif from existing output UFO
2017-03-31 15:25:54 Warning:  Deleting LtnCapATilde____.glif from existing output UFO
2017-03-31 15:25:54 Warning:  Deleting LtnCapA___.glif from existing output UFO
2017-03-31 15:25:54 Warning:  Deleting LtnCapAe___.glif from existing output UFO
2017-03-31 15:25:54 Warning:  Deleting LtnCapB___.glif from existing output UFO
2017-03-31 15:25:54 Warning:  Deleting LtnCapCCedilla____.glif from existing output UFO
2017-03-31 15:25:54 Warning:  Deleting LtnCapC___.glif from existing output UFO
2017-03-31 15:25:54 Warning:  Deleting LtnCapD___.glif from existing output UFO
2017-03-31 15:25:54 Warning:  Deleting LtnCapEAcute____.glif from existing output UFO
2017-03-31 15:25:54 Warning:  Deleting LtnCapECircum____.glif from existing output UFO
2017-03-31 15:25:54 Warning:  Deleting LtnCapEDiaer____.glif from existing output UFO
2017-03-31 15:25:54 Warning:  Deleting LtnCapEGrave____.glif from existing output UFO
2017-03-31 15:25:54 Warning:  Deleting LtnCapE___.glif from existing output UFO
2017-03-31 15:25:54 Warning:  Deleting LtnCapEsh___.glif from existing output UFO
2017-03-31 15:25:54 Warning:  Deleting LtnCapEth___.glif from existing output UFO
2017-03-31 15:25:54 Warning:  Deleting LtnCapF___.glif from existing output UFO
2017-03-31 15:25:54 Warning:  Deleting LtnCapG___.glif from existing output UFO
2017-03-31 15:25:54 Warning:  Deleting LtnCapH___.glif from existing output UFO
2017-03-31 15:25:54 Warning:  Deleting LtnCapIAcute____.glif from existing output UFO
2017-03-31 15:25:54 Warning:  Deleting LtnCapICircum____.glif from existing output UFO
2017-03-31 15:25:54 Warning:  Deleting LtnCapIDiaer____.glif from existing output UFO
2017-03-31 15:25:54 Warning:  Deleting LtnCapIGrave____.glif from existing output UFO
2017-03-31 15:25:54 Warning:  Deleting LtnCapI___.glif from existing output UFO
2017-03-31 15:25:54 Warning:  Deleting LtnCapJ___.glif from existing output UFO
2017-03-31 15:25:54 Warning:  Deleting LtnCapK___.glif from existing output UFO
2017-03-31 15:25:54 Warning:  Deleting LtnCapL___.glif from existing output UFO
2017-03-31 15:25:54 Warning:  Deleting LtnCapLigOe____.glif from existing output UFO
2017-03-31 15:25:54 Warning:  Deleting LtnCapM___.glif from existing output UFO
2017-03-31 15:25:54 Warning:  Deleting LtnCapNTilde____.glif from existing output UFO
2017-03-31 15:25:54 Warning:  Deleting LtnCapN___.glif from existing output UFO
2017-03-31 15:25:54 Warning:  Deleting LtnCapOAcute____.glif from existing output UFO
2017-03-31 15:25:54 Warning:  Deleting LtnCapOCircum____.glif from existing output UFO
2017-03-31 15:25:54 Warning:  Deleting LtnCapODiaer____.glif from existing output UFO
2017-03-31 15:25:54 Warning:  Deleting LtnCapOGrave____.glif from existing output UFO
2017-03-31 15:25:54 Warning:  Deleting LtnCapOStrk____.glif from existing output UFO
2017-03-31 15:25:54 Warning:  Deleting LtnCapOTilde____.glif from existing output UFO
2017-03-31 15:25:54 Warning:  Deleting LtnCapO___.glif from existing output UFO
2017-03-31 15:25:54 Warning:  Deleting LtnCapP___.glif from existing output UFO
2017-03-31 15:25:54 Warning:  Deleting LtnCapQ___.glif from existing output UFO
2017-03-31 15:25:54 Warning:  Deleting LtnCapR___.glif from existing output UFO
2017-03-31 15:25:54 Warning:  Deleting LtnCapSCaron____.glif from existing output UFO
2017-03-31 15:25:54 Warning:  Deleting LtnCapS___.glif from existing output UFO
2017-03-31 15:25:54 Warning:  Deleting LtnCapT___.glif from existing output UFO
2017-03-31 15:25:54 Warning:  Deleting LtnCapThorn___.glif from existing output UFO
2017-03-31 15:25:54 Warning:  Deleting LtnCapUAcute____.glif from existing output UFO
2017-03-31 15:25:54 Warning:  Deleting LtnCapUCircum____.glif from existing output UFO
2017-03-31 15:25:54 Warning:  Deleting LtnCapUDiaer____.glif from existing output UFO
2017-03-31 15:25:54 Warning:  Deleting LtnCapUGrave____.glif from existing output UFO
2017-03-31 15:25:54 Warning:  Deleting LtnCapU___.glif from existing output UFO
2017-03-31 15:25:54 Warning:  Deleting LtnCapV___.glif from existing output UFO
2017-03-31 15:25:54 Warning:  Deleting LtnCapW___.glif from existing output UFO
2017-03-31 15:25:54 Warning:  Deleting LtnCapX___.glif from existing output UFO
2017-03-31 15:25:54 Warning:  Deleting LtnCapYAcute____.glif from existing output UFO
2017-03-31 15:25:54 Warning:  Deleting LtnCapYDiaer____.glif from existing output UFO
2017-03-31 15:25:54 Warning:  Deleting LtnCapY___.glif from existing output UFO
2017-03-31 15:25:54 Warning:  Deleting LtnCapZCaron____.glif from existing output UFO
2017-03-31 15:25:54 Warning:  Deleting LtnCapZ___.glif from existing output UFO
2017-03-31 15:25:54 Warning:  Deleting LtnSmAAcute____.glif from existing output UFO
2017-03-31 15:25:54 Warning:  Deleting LtnSmACircum____.glif from existing output UFO
2017-03-31 15:25:54 Warning:  Deleting LtnSmADiaer____.glif from existing output UFO
2017-03-31 15:25:54 Warning:  Deleting LtnSmAGrave____.glif from existing output UFO
2017-03-31 15:25:54 Warning:  Deleting LtnSmARingAbv_____.glif from existing output UFO
2017-03-31 15:25:54 Warning:  Deleting LtnSmATilde____.glif from existing output UFO
2017-03-31 15:25:54 Warning:  Deleting LtnSmA___.glif from existing output UFO
2017-03-31 15:25:54 Warning:  Deleting LtnSmAe___.glif from existing output UFO
2017-03-31 15:25:54 Warning:  Deleting LtnSmB___.glif from existing output UFO
2017-03-31 15:25:54 Warning:  Deleting LtnSmCCedilla____.glif from existing output UFO
2017-03-31 15:25:54 Warning:  Deleting LtnSmC___.glif from existing output UFO
2017-03-31 15:25:54 Warning:  Deleting LtnSmD___.glif from existing output UFO
2017-03-31 15:25:54 Warning:  Deleting LtnSmDotlessI____.glif from existing output UFO
2017-03-31 15:25:54 Warning:  Deleting LtnSmEAcute____.glif from existing output UFO
2017-03-31 15:25:54 Warning:  Deleting LtnSmECircum____.glif from existing output UFO
2017-03-31 15:25:54 Warning:  Deleting LtnSmEDiaer____.glif from existing output UFO
2017-03-31 15:25:54 Warning:  Deleting LtnSmEGrave____.glif from existing output UFO
2017-03-31 15:25:54 Warning:  Deleting LtnSmE___.glif from existing output UFO
2017-03-31 15:25:54 Warning:  Deleting LtnSmEth___.glif from existing output UFO
2017-03-31 15:25:54 Warning:  Deleting LtnSmFHook____.glif from existing output UFO
2017-03-31 15:25:54 Warning:  Deleting LtnSmF___.glif from existing output UFO
2017-03-31 15:25:54 Warning:  Deleting LtnSmG___.glif from existing output UFO
2017-03-31 15:25:54 Warning:  Deleting LtnSmH___.glif from existing output UFO
2017-03-31 15:25:54 Warning:  Deleting LtnSmIAcute____.glif from existing output UFO
2017-03-31 15:25:54 Warning:  Deleting LtnSmICircum____.glif from existing output UFO
2017-03-31 15:25:54 Warning:  Deleting LtnSmIDiaer____.glif from existing output UFO
2017-03-31 15:25:54 Warning:  Deleting LtnSmIGrave____.glif from existing output UFO
2017-03-31 15:25:54 Warning:  Deleting LtnSmI___.glif from existing output UFO
2017-03-31 15:25:54 Warning:  Deleting LtnSmJ___.glif from existing output UFO
2017-03-31 15:25:54 Warning:  Deleting LtnSmK___.glif from existing output UFO
2017-03-31 15:25:54 Warning:  Deleting LtnSmL___.glif from existing output UFO
2017-03-31 15:25:54 Warning:  Deleting LtnSmLigFi____.glif from existing output UFO
2017-03-31 15:25:54 Warning:  Deleting LtnSmLigFl____.glif from existing output UFO
2017-03-31 15:25:54 Warning:  Deleting LtnSmLigOe____.glif from existing output UFO
2017-03-31 15:25:54 Warning:  Deleting LtnSmM___.glif from existing output UFO
2017-03-31 15:25:54 Warning:  Deleting LtnSmNTilde____.glif from existing output UFO
2017-03-31 15:25:54 Warning:  Deleting LtnSmN___.glif from existing output UFO
2017-03-31 15:25:54 Warning:  Deleting LtnSmOAcute____.glif from existing output UFO
2017-03-31 15:25:54 Warning:  Deleting LtnSmOCircum____.glif from existing output UFO
2017-03-31 15:25:54 Warning:  Deleting LtnSmODiaer____.glif from existing output UFO
2017-03-31 15:25:54 Warning:  Deleting LtnSmOGrave____.glif from existing output UFO
2017-03-31 15:25:54 Warning:  Deleting LtnSmOStrk____.glif from existing output UFO
2017-03-31 15:25:54 Warning:  Deleting LtnSmOTilde____.glif from existing output UFO
2017-03-31 15:25:54 Warning:  Deleting LtnSmO___.glif from existing output UFO
2017-03-31 15:25:54 Warning:  Deleting LtnSmP___.glif from existing output UFO
2017-03-31 15:25:54 Warning:  Deleting LtnSmQ___.glif from existing output UFO
2017-03-31 15:25:54 Warning:  Deleting LtnSmR___.glif from existing output UFO
2017-03-31 15:25:54 Warning:  Deleting LtnSmSCaron____.glif from existing output UFO
2017-03-31 15:25:54 Warning:  Deleting LtnSmS___.glif from existing output UFO
2017-03-31 15:25:54 Warning:  Deleting LtnSmSharpS____.glif from existing output UFO
2017-03-31 15:25:54 Warning:  Deleting LtnSmT___.glif from existing output UFO
2017-03-31 15:25:54 Warning:  Deleting LtnSmThorn___.glif from existing output UFO
2017-03-31 15:25:54 Warning:  Deleting LtnSmUAcute____.glif from existing output UFO
2017-03-31 15:25:54 Warning:  Deleting LtnSmUCircum____.glif from existing output UFO
2017-03-31 15:25:54 Warning:  Deleting LtnSmUDiaer____.glif from existing output UFO
2017-03-31 15:25:54 Warning:  Deleting LtnSmUGrave____.glif from existing output UFO
2017-03-31 15:25:54 Warning:  Deleting LtnSmU___.glif from existing output UFO
2017-03-31 15:25:54 Warning:  Deleting LtnSmV___.glif from existing output UFO
2017-03-31 15:25:54 Warning:  Deleting LtnSmW___.glif from existing output UFO
2017-03-31 15:25:54 Warning:  Deleting LtnSmX___.glif from existing output UFO
2017-03-31 15:25:54 Warning:  Deleting LtnSmYAcute____.glif from existing output UFO
2017-03-31 15:25:54 Warning:  Deleting LtnSmYDiaer____.glif from existing output UFO
2017-03-31 15:25:54 Warning:  Deleting LtnSmY___.glif from existing output UFO
2017-03-31 15:25:54 Warning:  Deleting LtnSmZCaron____.glif from existing output UFO
2017-03-31 15:25:54 Warning:  Deleting LtnSmZ___.glif from existing output UFO
2017-03-31 15:25:54 Warning:  Deleting Macron_.glif from existing output UFO
2017-03-31 15:25:54 Warning:  Deleting MascOrdIndicator___.glif from existing output UFO
2017-03-31 15:25:54 Warning:  Deleting MicroSgn__.glif from existing output UFO
2017-03-31 15:25:54 Warning:  Deleting MiddleDot__.glif from existing output UFO
2017-03-31 15:25:54 Warning:  Deleting ModCircumAccent___.glif from existing output UFO
2017-03-31 15:25:54 Warning:  Deleting MultSgn__.glif from existing output UFO
2017-03-31 15:25:54 Warning:  Deleting NAryProduct___.glif from existing output UFO
2017-03-31 15:25:54 Warning:  Deleting NArySummation___.glif from existing output UFO
2017-03-31 15:25:54 Warning:  Deleting NoBreakSpace___.glif from existing output UFO
2017-03-31 15:25:54 Warning:  Deleting NonBreakingHyphen___.glif from existing output UFO
2017-03-31 15:25:54 Warning:  Deleting NotEqTo___.glif from existing output UFO
2017-03-31 15:25:54 Warning:  Deleting NotSgn__.glif from existing output UFO
2017-03-31 15:25:54 Warning:  Deleting NumSgn__.glif from existing output UFO
2017-03-31 15:25:54 Warning:  Deleting Ogonek_.glif from existing output UFO
2017-03-31 15:25:54 Warning:  Deleting OhmSgn__.glif from existing output UFO
2017-03-31 15:25:54 Warning:  Deleting PartialDiff__.glif from existing output UFO
2017-03-31 15:25:54 Warning:  Deleting PerMilleSgn___.glif from existing output UFO
2017-03-31 15:25:54 Warning:  Deleting PercentSgn__.glif from existing output UFO
2017-03-31 15:25:54 Warning:  Deleting PilcrowSgn__.glif from existing output UFO
2017-03-31 15:25:54 Warning:  Deleting PlusMinusSgn___.glif from existing output UFO
2017-03-31 15:25:54 Warning:  Deleting PlusSgn__.glif from existing output UFO
2017-03-31 15:25:54 Warning:  Deleting PoundSgn__.glif from existing output UFO
2017-03-31 15:25:54 Warning:  Deleting QstnMrk__.glif from existing output UFO
2017-03-31 15:25:54 Warning:  Deleting QuotMrk__.glif from existing output UFO
2017-03-31 15:25:54 Warning:  Deleting RegisteredSgn__.glif from existing output UFO
2017-03-31 15:25:54 Warning:  Deleting ReverseSolidus__.glif from existing output UFO
2017-03-31 15:25:54 Warning:  Deleting RingAbv__.glif from existing output UFO
2017-03-31 15:25:54 Warning:  Deleting RtCurlyBrac___.glif from existing output UFO
2017-03-31 15:25:54 Warning:  Deleting RtDblQuotMrk____.glif from existing output UFO
2017-03-31 15:25:54 Warning:  Deleting RtParen__.glif from existing output UFO
2017-03-31 15:25:54 Warning:  Deleting RtPtngDblAngQuotMrk______.glif from existing output UFO
2017-03-31 15:25:54 Warning:  Deleting RtSglQuotMrk____.glif from existing output UFO
2017-03-31 15:25:54 Warning:  Deleting RtSqrBrac___.glif from existing output UFO
2017-03-31 15:25:54 Warning:  Deleting SectionSgn__.glif from existing output UFO
2017-03-31 15:25:54 Warning:  Deleting Semicolon_.glif from existing output UFO
2017-03-31 15:25:54 Warning:  Deleting SglLftPtngAngQuotMrk______.glif from existing output UFO
2017-03-31 15:25:54 Warning:  Deleting SglLow9QuotMrk____.glif from existing output UFO
2017-03-31 15:25:54 Warning:  Deleting SglRtPtngAngQuotMrk______.glif from existing output UFO
2017-03-31 15:25:54 Warning:  Deleting SmTilde__.glif from existing output UFO
2017-03-31 15:25:54 Warning:  Deleting Solidus_.glif from existing output UFO
2017-03-31 15:25:54 Warning:  Deleting Space_.glif from existing output UFO
2017-03-31 15:25:54 Warning:  Deleting SqrRoot__.glif from existing output UFO
2017-03-31 15:25:54 Warning:  Deleting SupOne__.glif from existing output UFO
2017-03-31 15:25:54 Warning:  Deleting SupThree__.glif from existing output UFO
2017-03-31 15:25:54 Warning:  Deleting SupTwo__.glif from existing output UFO
2017-03-31 15:25:54 Warning:  Deleting Tilde_.glif from existing output UFO
2017-03-31 15:25:54 Warning:  Deleting TradeMrkSgn___.glif from existing output UFO
2017-03-31 15:25:54 Warning:  Deleting VertLine__.glif from existing output UFO
2017-03-31 15:25:54 Warning:  Deleting VulgFracOneHalf____.glif from existing output UFO
2017-03-31 15:25:54 Warning:  Deleting VulgFracOneQuarter____.glif from existing output UFO
2017-03-31 15:25:54 Warning:  Deleting VulgFracThreeQuarters____.glif from existing output UFO
2017-03-31 15:25:54 Warning:  Deleting YenSgn__.glif from existing output UFO
2017-03-31 15:25:54 Warning:  Deleting __notdef.glif from existing output UFO
2017-03-31 15:25:54 Warning:  Deleting __null.glif from existing output UFO
2017-03-31 15:25:54 Progress: All done!
